<?xml version="1.0" encoding="UTF-8"?>
<testsuite name="PopupWindow" tests="1" skipped="0" failures="0" errors="0" timestamp="2021-05-24T09:28:43" hostname="DESKTOP-CUM2MCV" time="1.8">
  <properties/>
  <testcase name="poupVerification" classname="PopupWindow" time="1.8"/>
  <system-out><![CDATA[]]></system-out>
  <system-err><![CDATA[Starting ChromeDriver 90.0.4430.24 (4c6d850f087da467d926e8eddb76550aed655991-refs/branch-heads/4430@{#429}) on port 40622
Only local connections are allowed.
Please see https://chromedriver.chromium.org/security-considerations for suggestions on keeping ChromeDriver safe.
ChromeDriver was started successfully.
May 24, 2021 2:58:43 PM org.openqa.selenium.remote.ProtocolHandshake createSession
INFO: Detected dialect: W3C
]]></system-err>
</testsuite>
